<?xml version="1.0" encoding="UTF-8"?>
<!-- Generated by org.testng.reporters.JUnitXMLReporter -->
<testsuite ignored="8" hostname="NMS-Karthick" failures="5" tests="25" name="Chrome Test" time="504.325" errors="0" timestamp="2026-01-28T16:54:40 IST">
  <testcase classname="testcases.CartTest" name="testAddProductToCart" time="6.841"/>
  <testcase classname="testcases.NavigationTest" name="testBrowseCategories" time="21.96"/>
  <testcase classname="testcases.LoginTest" name="testLoginValid" time="25.826"/>
  <testcase classname="testcases.CheckoutTest" name="testPlaceOrderValid" time="17.724">
    <failure type="org.openqa.selenium.ElementClickInterceptedException" message="element click intercepted: Element &amp;lt;input type=&amp;quot;button&amp;quot; class=&amp;quot;button-1 payment-method-next-step-button&amp;quot; onclick=&amp;quot;PaymentMethod.save()&amp;quot; value=&amp;quot;Continue&amp;quot;&amp;gt; is not clickable at point (285, 576). Other element would receive the click: &amp;lt;a href=&amp;quot;#&amp;quot; onclick=&amp;quot;Checkout.back(); return false;&amp;quot;&amp;gt;...&amp;lt;/a&amp;gt;
  (Session info: chrome=144.0.7559.97)
Build info: version: &amp;apos;4.39.0&amp;apos;, revision: &amp;apos;126f156aee&amp;apos;
System info: os.name: &amp;apos;Windows 11&amp;apos;, os.arch: &amp;apos;amd64&amp;apos;, os.version: &amp;apos;10.0&amp;apos;, java.version: &amp;apos;21.0.8&amp;apos;
Driver info: org.openqa.selenium.chrome.ChromeDriver
Command: [05613443b393aa98720f5310ceead9c5, clickElement {id=f.9FA0ABCDB895B775747017FD9ED0B01B.d.DB05EA7066B1856DE2F1286D999406EA.e.190}]
Capabilities {acceptInsecureCerts: false, browserName: chrome, browserVersion: 144.0.7559.97, chrome: {chromedriverVersion: 144.0.7559.109 (6a8d5e49388..., userDataDir: C:\Users\KARTHI~1\AppData\L...}, fedcm:accounts: true, goog:chromeOptions: {debuggerAddress: localhost:63258}, goog:processID: 15768, networkConnectionEnabled: false, pageLoadStrategy: normal, platformName: windows, proxy: Proxy(), se:cdp: ws://localhost:63258/devtoo..., se:cdpVersion: 144.0.7559.97, setWindowRect: true, strictFileInteractability: false, timeouts: {implicit: 0, pageLoad: 300000, script: 30000}, unhandledPromptBehavior: dismiss and notify, webauthn:extension:credBlob: true, webauthn:extension:largeBlob: true, webauthn:extension:minPinLength: true, webauthn:extension:prf: true, webauthn:virtualAuthenticators: true}
Element: [[ChromeDriver: chrome on windows (05613443b393aa98720f5310ceead9c5)] -&amp;gt; css selector: #payment-method-buttons-container .payment-method-next-step-button]
Session ID: 05613443b393aa98720f5310ceead9c5">
      <![CDATA[org.openqa.selenium.ElementClickInterceptedException: element click intercepted: Element <input type="button" class="button-1 payment-method-next-step-button" onclick="PaymentMethod.save()" value="Continue"> is not clickable at point (285, 576). Other element would receive the click: <a href="#" onclick="Checkout.back(); return false;">...</a>
  (Session info: chrome=144.0.7559.97)
Build info: version: '4.39.0', revision: '126f156aee'
System info: os.name: 'Windows 11', os.arch: 'amd64', os.version: '10.0', java.version: '21.0.8'
Driver info: org.openqa.selenium.chrome.ChromeDriver
Command: [05613443b393aa98720f5310ceead9c5, clickElement {id=f.9FA0ABCDB895B775747017FD9ED0B01B.d.DB05EA7066B1856DE2F1286D999406EA.e.190}]
Capabilities {acceptInsecureCerts: false, browserName: chrome, browserVersion: 144.0.7559.97, chrome: {chromedriverVersion: 144.0.7559.109 (6a8d5e49388..., userDataDir: C:\Users\KARTHI~1\AppData\L...}, fedcm:accounts: true, goog:chromeOptions: {debuggerAddress: localhost:63258}, goog:processID: 15768, networkConnectionEnabled: false, pageLoadStrategy: normal, platformName: windows, proxy: Proxy(), se:cdp: ws://localhost:63258/devtoo..., se:cdpVersion: 144.0.7559.97, setWindowRect: true, strictFileInteractability: false, timeouts: {implicit: 0, pageLoad: 300000, script: 30000}, unhandledPromptBehavior: dismiss and notify, webauthn:extension:credBlob: true, webauthn:extension:largeBlob: true, webauthn:extension:minPinLength: true, webauthn:extension:prf: true, webauthn:virtualAuthenticators: true}
Element: [[ChromeDriver: chrome on windows (05613443b393aa98720f5310ceead9c5)] -> css selector: #payment-method-buttons-container .payment-method-next-step-button]
Session ID: 05613443b393aa98720f5310ceead9c5
at org.openqa.selenium.remote.ErrorCodec.decode(ErrorCodec.java:167)
at org.openqa.selenium.remote.codec.w3c.W3CHttpResponseCodec.decode(W3CHttpResponseCodec.java:142)
at org.openqa.selenium.remote.codec.w3c.W3CHttpResponseCodec.decode(W3CHttpResponseCodec.java:49)
at org.openqa.selenium.remote.HttpCommandExecutor.execute(HttpCommandExecutor.java:215)
at org.openqa.selenium.remote.service.DriverCommandExecutor.invokeExecute(DriverCommandExecutor.java:216)
at org.openqa.selenium.remote.service.DriverCommandExecutor.execute(DriverCommandExecutor.java:174)
at org.openqa.selenium.remote.RemoteWebDriver.execute(RemoteWebDriver.java:561)
at org.openqa.selenium.remote.RemoteWebElement.execute(RemoteWebElement.java:223)
at org.openqa.selenium.remote.RemoteWebElement.click(RemoteWebElement.java:76)
at org.openqa.selenium.support.pagefactory.internal.LocatingElementHandler.invoke(LocatingElementHandler.java:51)
at jdk.proxy2/jdk.proxy2.$Proxy19.click(Unknown Source)
at pages.CheckoutPage.selectPaymentMethod(CheckoutPage.java:164)
at testcases.CheckoutTest.testPlaceOrderValid(CheckoutTest.java:57)
at java.base/java.util.ArrayList.forEach(ArrayList.java:1596)
at java.base/java.util.concurrent.FutureTask.run(FutureTask.java:317)
at java.base/java.util.concurrent.ThreadPoolExecutor.runWorker(ThreadPoolExecutor.java:1144)
at java.base/java.util.concurrent.ThreadPoolExecutor$Worker.run(ThreadPoolExecutor.java:642)
at java.base/java.lang.Thread.run(Thread.java:1583)
... Removed 20 stack frames]]>
    </failure>
  </testcase> <!-- testPlaceOrderValid -->
  <testcase classname="testcases.SignUpTest" name="testSignUpUnique" time="11.095">
    <failure type="java.lang.RuntimeException" message="Error writing to Excel: D:\eclipse-workspace\P3-WebShop\src\test\resources\TestData.xlsx (The process cannot access the file because it is being used by another process)">
      <![CDATA[java.lang.RuntimeException: Error writing to Excel: D:\eclipse-workspace\P3-WebShop\src\test\resources\TestData.xlsx (The process cannot access the file because it is being used by another process)
at utility.UtilityClass.writeToExcel(UtilityClass.java:144)
at testcases.SignUpTest.testSignUpUnique(SignUpTest.java:35)
at java.base/java.util.ArrayList.forEach(ArrayList.java:1596)
at java.base/java.util.concurrent.FutureTask.run(FutureTask.java:317)
at java.base/java.util.concurrent.ThreadPoolExecutor.runWorker(ThreadPoolExecutor.java:1144)
at java.base/java.util.concurrent.ThreadPoolExecutor$Worker.run(ThreadPoolExecutor.java:642)
at java.base/java.lang.Thread.run(Thread.java:1583)
... Removed 15 stack frames]]>
    </failure>
  </testcase> <!-- testSignUpUnique -->
  <testcase classname="testcases.LoginTest" name="testLoginInvalidPassword" time="2.353">
    <failure type="java.lang.AssertionError" message="Specific error text missing. expected [true] but found [false]">
      <![CDATA[java.lang.AssertionError: Specific error text missing. expected [true] but found [false]
at testcases.LoginTest.testLoginInvalidPassword(LoginTest.java:46)
at java.base/java.util.ArrayList.forEach(ArrayList.java:1596)
at java.base/java.util.concurrent.FutureTask.run(FutureTask.java:317)
at java.base/java.util.concurrent.ThreadPoolExecutor.runWorker(ThreadPoolExecutor.java:1144)
at java.base/java.util.concurrent.ThreadPoolExecutor$Worker.run(ThreadPoolExecutor.java:642)
at java.base/java.lang.Thread.run(Thread.java:1583)
... Removed 18 stack frames]]>
    </failure>
  </testcase> <!-- testLoginInvalidPassword -->
  <testcase classname="testcases.CheckoutTest" name="testPlaceOrderEmpty" time="32.697"/>
  <testcase classname="testcases.SignUpTest" name="testSignUpExisting" time="5.671"/>
  <testcase classname="testcases.SignUpTest" name="testSignUpExisting" time="4.163"/>
  <testcase classname="testcases.SignUpTest" name="testSignUpExisting" time="3.907"/>
  <testcase classname="testcases.SignUpTest" name="testSignUpExisting" time="4.171"/>
  <testcase classname="testcases.SignUpTest" name="testSignUpExisting" time="4.049"/>
  <testcase classname="testcases.SignUpTest" name="testSignUpExisting" time="4.069"/>
  <testcase classname="testcases.SignUpTest" name="testSignUpExisting" time="3.847"/>
  <testcase classname="testcases.CartTest" name="testViewCart" time="6.414"/>
  <testcase classname="testcases.NavigationTest" name="testViewProductDetails" time="3.556"/>
  <testcase classname="testcases.CartTest" name="testAddMultipleProducts" time="7.255"/>
  <testcase classname="testcases.NavigationTest" name="testHomeNavigation" time="2.938"/>
  <testcase classname="testcases.LoginTest" name="testLoginEmptyFields" time="2.959"/>
  <testcase classname="testcases.LoginTest" name="testLoginEmptyFields" time="2.544"/>
  <testcase classname="testcases.SignUpTest" name="testSignUpEmpty" time="1.877"/>
  <testcase classname="testcases.LoginTest" name="testLoginInvalidEmailFormat" time="2.258">
    <failure type="java.lang.AssertionError" message="Expected &amp;apos;Wrong email&amp;apos; validation but got: Please enter a valid email address. expected [true] but found [false]">
      <![CDATA[java.lang.AssertionError: Expected 'Wrong email' validation but got: Please enter a valid email address. expected [true] but found [false]
at testcases.LoginTest.testLoginInvalidEmailFormat(LoginTest.java:72)
at java.base/java.util.ArrayList.forEach(ArrayList.java:1596)
at java.base/java.util.concurrent.FutureTask.run(FutureTask.java:317)
at java.base/java.util.concurrent.ThreadPoolExecutor.runWorker(ThreadPoolExecutor.java:1144)
at java.base/java.util.concurrent.ThreadPoolExecutor$Worker.run(ThreadPoolExecutor.java:642)
at java.base/java.lang.Thread.run(Thread.java:1583)
... Removed 18 stack frames]]>
    </failure>
  </testcase> <!-- testLoginInvalidEmailFormat -->
  <testcase classname="testcases.LoginTest" name="testLoginInvalidEmailFormat" time="2.109">
    <failure type="java.lang.AssertionError" message="Expected &amp;apos;Wrong email&amp;apos; validation but got: Please enter a valid email address. expected [true] but found [false]">
      <![CDATA[java.lang.AssertionError: Expected 'Wrong email' validation but got: Please enter a valid email address. expected [true] but found [false]
at testcases.LoginTest.testLoginInvalidEmailFormat(LoginTest.java:72)
at java.base/java.util.ArrayList.forEach(ArrayList.java:1596)
at java.base/java.util.concurrent.FutureTask.run(FutureTask.java:317)
at java.base/java.util.concurrent.ThreadPoolExecutor.runWorker(ThreadPoolExecutor.java:1144)
at java.base/java.util.concurrent.ThreadPoolExecutor$Worker.run(ThreadPoolExecutor.java:642)
at java.base/java.lang.Thread.run(Thread.java:1583)
... Removed 18 stack frames]]>
    </failure>
  </testcase> <!-- testLoginInvalidEmailFormat -->
  <testcase classname="testcases.CartTest" name="testRemoveProduct" time="6.8"/>
  <testcase classname="testcases.LoginTest" name="testPasswordMasking" time="1.023"/>
  <testcase classname="base.ReuseMethods" name="@BeforeSuite setUpReport" time="0.0">
    <ignored/>
  </testcase> <!-- @BeforeSuite setUpReport -->
  <testcase classname="base.ReuseMethods" name="@AfterSuite flushReport" time="0.0">
    <ignored/>
  </testcase> <!-- @AfterSuite flushReport -->
  <testcase classname="base.ReuseMethods" name="@BeforeSuite setUpReport" time="0.0">
    <ignored/>
  </testcase> <!-- @BeforeSuite setUpReport -->
  <testcase classname="base.ReuseMethods" name="@AfterSuite flushReport" time="0.0">
    <ignored/>
  </testcase> <!-- @AfterSuite flushReport -->
  <testcase classname="base.ReuseMethods" name="@AfterSuite flushReport" time="0.0">
    <ignored/>
  </testcase> <!-- @AfterSuite flushReport -->
  <testcase classname="base.ReuseMethods" name="@BeforeSuite setUpReport" time="0.0">
    <ignored/>
  </testcase> <!-- @BeforeSuite setUpReport -->
  <testcase classname="base.ReuseMethods" name="@AfterSuite flushReport" time="0.0">
    <ignored/>
  </testcase> <!-- @AfterSuite flushReport -->
  <testcase classname="base.ReuseMethods" name="@BeforeSuite setUpReport" time="0.0">
    <ignored/>
  </testcase> <!-- @BeforeSuite setUpReport -->
</testsuite> <!-- Chrome Test -->
