<!DOCTYPE html PUBLIC "-//W3C//DTD XHTML 1.1//EN" "https://www.w3.org/TR/xhtml11/DTD/xhtml11.dtd">
<html xmlns="https://www.w3.org/1999/xhtml">
<head>
<meta http-equiv="content-type" content="text/html; charset=UTF-8"/>
<title>TestNG Report</title>
<style type="text/css">table {margin-bottom:10px;border-collapse:collapse;empty-cells:show}th,td {border:1px solid #009;padding:.25em .5em}th {vertical-align:bottom}td {vertical-align:top}table a {font-weight:bold}.stripe td {background-color: #E6EBF9}.num {text-align:right}.passedodd td {background-color: #3F3}.passedeven td {background-color: #0A0}.skippedodd td {background-color: #DDD}.skippedeven td {background-color: #CCC}.failedodd td,.attn {background-color: #F33}.failedeven td,.stripe .attn {background-color: #D00}.stacktrace {white-space:pre;font-family:monospace}.totop {font-size:85%;text-align:center;border-bottom:2px solid #000}.invisible {display:none}</style>
</head>
<body>
<table>
<tr><th>Test</th><th># Passed</th><th># Skipped</th><th># Retried</th><th># Failed</th><th>Time (ms)</th><th>Included Groups</th><th>Excluded Groups</th></tr>
<tr><th colspan="8">MasterMergedSuite</th></tr>
<tr><td><a href="#t0">Chrome Test</a></td><td class="num">21</td><td class="num">0</td><td class="num">0</td><td class="num attn">5</td><td class="num">839,931</td><td></td><td></td></tr>
</table>
<table id='summary'><thead><tr><th>Class</th><th>Method</th><th>Start</th><th>Time (ms)</th></tr></thead><tbody><tr><th colspan="4">MasterMergedSuite</th></tr></tbody><tbody id="t0"><tr><th colspan="4">Chrome Test &#8212; failed</th></tr><tr class="failedeven"><td rowspan="2">testcases.CartTest</td><td><a href="#m0">testAddProductToCart</a></td><td rowspan="1">1769668212755</td><td rowspan="1">6633</td></tr><tr class="failedeven"><td><a href="#m1">testRemoveProduct</a></td><td rowspan="1">1769668997577</td><td rowspan="1">2113</td></tr><tr class="failedodd"><td rowspan="3">testcases.LoginTest</td><td><a href="#m2">testLoginInvalidEmailFormat</a></td><td rowspan="2">1769668952399</td><td rowspan="2">2186</td></tr><tr class="failedodd"><td><a href="#m3">testLoginInvalidEmailFormat</a></td></tr><tr class="failedodd"><td><a href="#m4">testLoginInvalidPassword</a></td><td rowspan="1">1769668393339</td><td rowspan="1">3340</td></tr><tr><th colspan="4">Chrome Test &#8212; passed</th></tr><tr class="passedeven"><td rowspan="2">testcases.CartTest</td><td><a href="#m5">testAddMultipleProducts</a></td><td rowspan="1">1769668785486</td><td rowspan="1">20582</td></tr><tr class="passedeven"><td><a href="#m6">testViewCart</a></td><td rowspan="1">1769668632561</td><td rowspan="1">7053</td></tr><tr class="passedodd"><td rowspan="2">testcases.CheckoutTest</td><td><a href="#m7">testPlaceOrderEmpty</a></td><td rowspan="1">1769668413407</td><td rowspan="1">37797</td></tr><tr class="passedodd"><td><a href="#m8">testPlaceOrderValid</a></td><td rowspan="1">1769668320150</td><td rowspan="1">33672</td></tr><tr class="passedeven"><td rowspan="4">testcases.LoginTest</td><td><a href="#m9">testLoginEmptyFields</a></td><td rowspan="2">1769668916233</td><td rowspan="2">3244</td></tr><tr class="passedeven"><td><a href="#m10">testLoginEmptyFields</a></td></tr><tr class="passedeven"><td><a href="#m11">testLoginValid</a></td><td rowspan="1">1769668277688</td><td rowspan="1">28060</td></tr><tr class="passedeven"><td><a href="#m12">testPasswordMasking</a></td><td rowspan="1">1769669019527</td><td rowspan="1">1426</td></tr><tr class="passedodd"><td rowspan="3">testcases.NavigationTest</td><td><a href="#m13">testBrowseCategories</a></td><td rowspan="1">1769668239548</td><td rowspan="1">22190</td></tr><tr class="passedodd"><td><a href="#m14">testHomeNavigation</a></td><td rowspan="1">1769668830020</td><td rowspan="1">6315</td></tr><tr class="passedodd"><td><a href="#m15">testViewProductDetails</a></td><td rowspan="1">1769668652074</td><td rowspan="1">68187</td></tr><tr class="passedeven"><td rowspan="10">testcases.SignUpTest</td><td><a href="#m16">testSignUpEmpty</a></td><td rowspan="1">1769668934788</td><td rowspan="1">2014</td></tr><tr class="passedeven"><td><a href="#m17">testSignUpExisting</a></td><td rowspan="8">1769668485622</td><td rowspan="8">4005</td></tr><tr class="passedeven"><td><a href="#m18">testSignUpExisting</a></td></tr><tr class="passedeven"><td><a href="#m19">testSignUpExisting</a></td></tr><tr class="passedeven"><td><a href="#m20">testSignUpExisting</a></td></tr><tr class="passedeven"><td><a href="#m21">testSignUpExisting</a></td></tr><tr class="passedeven"><td><a href="#m22">testSignUpExisting</a></td></tr><tr class="passedeven"><td><a href="#m23">testSignUpExisting</a></td></tr><tr class="passedeven"><td><a href="#m24">testSignUpExisting</a></td></tr><tr class="passedeven"><td><a href="#m25">testSignUpUnique</a></td><td rowspan="1">1769668371038</td><td rowspan="1">5339</td></tr></tbody>
</table>
<h2>Chrome Test</h2><h3 id="m0">testcases.CartTest#testAddProductToCart</h3><table class="result"><tr><th>Exception</th></tr><tr><td><div class="stacktrace">java.lang.AssertionError: The product has been added to your shopping cart expected:&lt;The product has been added to your shopping cart&gt; but was:&lt;Success message mismatch!&gt;
	at testcases.CartTest.testAddProductToCart(CartTest.java:41)
	at java.base/java.util.ArrayList.forEach(ArrayList.java:1596)
	at java.base/java.util.concurrent.FutureTask.run(FutureTask.java:317)
	at java.base/java.util.concurrent.ThreadPoolExecutor.runWorker(ThreadPoolExecutor.java:1144)
	at java.base/java.util.concurrent.ThreadPoolExecutor$Worker.run(ThreadPoolExecutor.java:642)
	at java.base/java.lang.Thread.run(Thread.java:1583)
... Removed 16 stack frames</div></td></tr></table><p class="totop"><a href="#summary">back to summary</a></p>
<h3 id="m1">testcases.CartTest#testRemoveProduct</h3><table class="result"><tr><th>Exception</th></tr><tr><td><div class="stacktrace">org.openqa.selenium.StaleElementReferenceException: stale element reference: stale element not found
  (Session info: chrome=144.0.7559.97)
For documentation on this error, please visit: https://www.selenium.dev/documentation/webdriver/troubleshooting/errors#staleelementreferenceexception
Build info: version: &apos;4.39.0&apos;, revision: &apos;126f156aee&apos;
System info: os.name: &apos;Windows 11&apos;, os.arch: &apos;amd64&apos;, os.version: &apos;10.0&apos;, java.version: &apos;21.0.8&apos;
Driver info: org.openqa.selenium.chrome.ChromeDriver
Command: [96bea105f0e0b1f8e896ab8bffb522c2, clickElement {id=f.B11ED106092059F615833444CAA7E552.d.F54B202A8D85B7A931E8A94A5C63B6D2.e.24}]
Capabilities {acceptInsecureCerts: false, browserName: chrome, browserVersion: 144.0.7559.97, chrome: {chromedriverVersion: 144.0.7559.109 (6a8d5e49388..., userDataDir: C:\Users\KARTHI~1\AppData\L...}, fedcm:accounts: true, goog:chromeOptions: {debuggerAddress: localhost:56335}, goog:processID: 22544, networkConnectionEnabled: false, pageLoadStrategy: normal, platformName: windows, proxy: Proxy(), se:cdp: ws://localhost:56335/devtoo..., se:cdpVersion: 144.0.7559.97, setWindowRect: true, strictFileInteractability: false, timeouts: {implicit: 0, pageLoad: 300000, script: 30000}, unhandledPromptBehavior: dismiss and notify, webauthn:extension:credBlob: true, webauthn:extension:largeBlob: true, webauthn:extension:minPinLength: true, webauthn:extension:prf: true, webauthn:virtualAuthenticators: true}
Element: [[ChromeDriver: chrome on windows (96bea105f0e0b1f8e896ab8bffb522c2)] -&gt; partial link text: Books]
Session ID: 96bea105f0e0b1f8e896ab8bffb522c2
	at org.openqa.selenium.remote.ErrorCodec.decode(ErrorCodec.java:167)
	at org.openqa.selenium.remote.codec.w3c.W3CHttpResponseCodec.decode(W3CHttpResponseCodec.java:142)
	at org.openqa.selenium.remote.codec.w3c.W3CHttpResponseCodec.decode(W3CHttpResponseCodec.java:49)
	at org.openqa.selenium.remote.HttpCommandExecutor.execute(HttpCommandExecutor.java:215)
	at org.openqa.selenium.remote.service.DriverCommandExecutor.invokeExecute(DriverCommandExecutor.java:216)
	at org.openqa.selenium.remote.service.DriverCommandExecutor.execute(DriverCommandExecutor.java:174)
	at org.openqa.selenium.remote.RemoteWebDriver.execute(RemoteWebDriver.java:561)
	at org.openqa.selenium.remote.RemoteWebElement.execute(RemoteWebElement.java:223)
	at org.openqa.selenium.remote.RemoteWebElement.click(RemoteWebElement.java:76)
	at org.openqa.selenium.support.pagefactory.internal.LocatingElementHandler.invoke(LocatingElementHandler.java:51)
	at jdk.proxy2/jdk.proxy2.$Proxy19.click(Unknown Source)
	at pages.ProductPage.clickBooksCategory(ProductPage.java:61)
	at testcases.CartTest.testRemoveProduct(CartTest.java:87)
	at java.base/java.util.ArrayList.forEach(ArrayList.java:1596)
	at java.base/java.util.concurrent.FutureTask.run(FutureTask.java:317)
	at java.base/java.util.concurrent.ThreadPoolExecutor.runWorker(ThreadPoolExecutor.java:1144)
	at java.base/java.util.concurrent.ThreadPoolExecutor$Worker.run(ThreadPoolExecutor.java:642)
	at java.base/java.lang.Thread.run(Thread.java:1583)
... Removed 20 stack frames</div></td></tr></table><p class="totop"><a href="#summary">back to summary</a></p>
<h3 id="m2">testcases.LoginTest#testLoginInvalidEmailFormat</h3><table class="result"><tr class="param"><th>Parameter #1</th><th>Parameter #2</th></tr><tr class="param stripe"><td>user.com</td><td>pass123</td></tr><tr><th colspan="2">Exception</th></tr><tr><td colspan="2"><div class="stacktrace">java.lang.AssertionError: Expected &apos;Wrong email&apos; validation but got: Please enter a valid email address. expected [true] but found [false]
	at testcases.LoginTest.testLoginInvalidEmailFormat(LoginTest.java:72)
	at java.base/java.util.ArrayList.forEach(ArrayList.java:1596)
	at java.base/java.util.concurrent.FutureTask.run(FutureTask.java:317)
	at java.base/java.util.concurrent.ThreadPoolExecutor.runWorker(ThreadPoolExecutor.java:1144)
	at java.base/java.util.concurrent.ThreadPoolExecutor$Worker.run(ThreadPoolExecutor.java:642)
	at java.base/java.lang.Thread.run(Thread.java:1583)
... Removed 18 stack frames</div></td></tr></table><p class="totop"><a href="#summary">back to summary</a></p>
<h3 id="m3">testcases.LoginTest#testLoginInvalidEmailFormat</h3><table class="result"><tr class="param"><th>Parameter #1</th><th>Parameter #2</th></tr><tr class="param stripe"><td>user@.com</td><td>pass123</td></tr><tr><th colspan="2">Exception</th></tr><tr><td colspan="2"><div class="stacktrace">org.openqa.selenium.NoSuchWindowException: no such window: target window already closed
from unknown error: web view not found
  (Session info: chrome=144.0.7559.97)
Build info: version: &apos;4.39.0&apos;, revision: &apos;126f156aee&apos;
System info: os.name: &apos;Windows 11&apos;, os.arch: &apos;amd64&apos;, os.version: &apos;10.0&apos;, java.version: &apos;21.0.8&apos;
Driver info: org.openqa.selenium.chrome.ChromeDriver
Command: [fd63558a03cf50667a2c0763885ef43c, findElement {value=ico-login, using=class name}]
Capabilities {acceptInsecureCerts: false, browserName: chrome, browserVersion: 144.0.7559.97, chrome: {chromedriverVersion: 144.0.7559.109 (6a8d5e49388..., userDataDir: C:\Users\KARTHI~1\AppData\L...}, fedcm:accounts: true, goog:chromeOptions: {debuggerAddress: localhost:50446}, goog:processID: 7468, networkConnectionEnabled: false, pageLoadStrategy: normal, platformName: windows, proxy: Proxy(), se:cdp: ws://localhost:50446/devtoo..., se:cdpVersion: 144.0.7559.97, setWindowRect: true, strictFileInteractability: false, timeouts: {implicit: 0, pageLoad: 300000, script: 30000}, unhandledPromptBehavior: dismiss and notify, webauthn:extension:credBlob: true, webauthn:extension:largeBlob: true, webauthn:extension:minPinLength: true, webauthn:extension:prf: true, webauthn:virtualAuthenticators: true}
Session ID: fd63558a03cf50667a2c0763885ef43c
	at org.openqa.selenium.remote.ErrorCodec.decode(ErrorCodec.java:167)
	at org.openqa.selenium.remote.codec.w3c.W3CHttpResponseCodec.decode(W3CHttpResponseCodec.java:142)
	at org.openqa.selenium.remote.codec.w3c.W3CHttpResponseCodec.decode(W3CHttpResponseCodec.java:49)
	at org.openqa.selenium.remote.HttpCommandExecutor.execute(HttpCommandExecutor.java:215)
	at org.openqa.selenium.remote.service.DriverCommandExecutor.invokeExecute(DriverCommandExecutor.java:216)
	at org.openqa.selenium.remote.service.DriverCommandExecutor.execute(DriverCommandExecutor.java:174)
	at org.openqa.selenium.remote.RemoteWebDriver.execute(RemoteWebDriver.java:561)
	at org.openqa.selenium.remote.ElementLocation$ElementFinder$2.findElement(ElementLocation.java:166)
	at org.openqa.selenium.remote.ElementLocation.findElement(ElementLocation.java:67)
	at org.openqa.selenium.remote.RemoteWebDriver.findElement(RemoteWebDriver.java:384)
	at org.openqa.selenium.remote.RemoteWebDriver.findElement(RemoteWebDriver.java:378)
	at org.openqa.selenium.support.pagefactory.DefaultElementLocator.findElement(DefaultElementLocator.java:68)
	at org.openqa.selenium.support.pagefactory.internal.LocatingElementHandler.invoke(LocatingElementHandler.java:38)
	at jdk.proxy2/jdk.proxy2.$Proxy19.toString(Unknown Source)
	at java.base/java.lang.String.valueOf(String.java:4465)
	at org.openqa.selenium.support.ui.ExpectedConditions$23.toString(ExpectedConditions.java:675)
	at java.base/java.lang.String.valueOf(String.java:4465)
	at org.openqa.selenium.support.ui.FluentWait.until(FluentWait.java:225)
	at pages.LoginPage.clickLoginLink(LoginPage.java:51)
	at testcases.LoginTest.testLoginInvalidEmailFormat(LoginTest.java:67)
	at java.base/java.util.ArrayList.forEach(ArrayList.java:1596)
	at java.base/java.util.concurrent.FutureTask.run(FutureTask.java:317)
	at java.base/java.util.concurrent.ThreadPoolExecutor.runWorker(ThreadPoolExecutor.java:1144)
	at java.base/java.util.concurrent.ThreadPoolExecutor$Worker.run(ThreadPoolExecutor.java:642)
	at java.base/java.lang.Thread.run(Thread.java:1583)
... Removed 18 stack frames</div></td></tr></table><p class="totop"><a href="#summary">back to summary</a></p>
<h3 id="m4">testcases.LoginTest#testLoginInvalidPassword</h3><table class="result"><tr class="param"><th>Parameter #1</th><th>Parameter #2</th></tr><tr class="param stripe"><td>testuser_demo@test.com</td><td>WrongPass123</td></tr><tr><th colspan="2">Exception</th></tr><tr><td colspan="2"><div class="stacktrace">java.lang.AssertionError: Specific error text missing. expected [true] but found [false]
	at testcases.LoginTest.testLoginInvalidPassword(LoginTest.java:46)
	at java.base/java.util.ArrayList.forEach(ArrayList.java:1596)
	at java.base/java.util.concurrent.FutureTask.run(FutureTask.java:317)
	at java.base/java.util.concurrent.ThreadPoolExecutor.runWorker(ThreadPoolExecutor.java:1144)
	at java.base/java.util.concurrent.ThreadPoolExecutor$Worker.run(ThreadPoolExecutor.java:642)
	at java.base/java.lang.Thread.run(Thread.java:1583)
... Removed 18 stack frames</div></td></tr></table><p class="totop"><a href="#summary">back to summary</a></p>
<h3 id="m5">testcases.CartTest#testAddMultipleProducts</h3><table class="result"><tr><th class="invisible"/></tr></table><p class="totop"><a href="#summary">back to summary</a></p>
<h3 id="m6">testcases.CartTest#testViewCart</h3><table class="result"><tr><th class="invisible"/></tr></table><p class="totop"><a href="#summary">back to summary</a></p>
<h3 id="m7">testcases.CheckoutTest#testPlaceOrderEmpty</h3><table class="result"><tr><th class="invisible"/></tr></table><p class="totop"><a href="#summary">back to summary</a></p>
<h3 id="m8">testcases.CheckoutTest#testPlaceOrderValid</h3><table class="result"><tr><th class="invisible"/></tr></table><p class="totop"><a href="#summary">back to summary</a></p>
<h3 id="m9">testcases.LoginTest#testLoginEmptyFields</h3><table class="result"><tr class="param"><th>Parameter #1</th><th>Parameter #2</th></tr><tr class="param stripe"><td></td><td></td></tr></table><p class="totop"><a href="#summary">back to summary</a></p>
<h3 id="m10">testcases.LoginTest#testLoginEmptyFields</h3><table class="result"><tr class="param"><th>Parameter #1</th><th>Parameter #2</th></tr><tr class="param stripe"><td></td><td></td></tr></table><p class="totop"><a href="#summary">back to summary</a></p>
<h3 id="m11">testcases.LoginTest#testLoginValid</h3><table class="result"><tr class="param"><th>Parameter #1</th><th>Parameter #2</th></tr><tr class="param stripe"><td>testuser_785ea@test.com</td><td>Passb57d1</td></tr></table><p class="totop"><a href="#summary">back to summary</a></p>
<h3 id="m12">testcases.LoginTest#testPasswordMasking</h3><table class="result"><tr><th class="invisible"/></tr></table><p class="totop"><a href="#summary">back to summary</a></p>
<h3 id="m13">testcases.NavigationTest#testBrowseCategories</h3><table class="result"><tr><th class="invisible"/></tr></table><p class="totop"><a href="#summary">back to summary</a></p>
<h3 id="m14">testcases.NavigationTest#testHomeNavigation</h3><table class="result"><tr><th class="invisible"/></tr></table><p class="totop"><a href="#summary">back to summary</a></p>
<h3 id="m15">testcases.NavigationTest#testViewProductDetails</h3><table class="result"><tr><th class="invisible"/></tr></table><p class="totop"><a href="#summary">back to summary</a></p>
<h3 id="m16">testcases.SignUpTest#testSignUpEmpty</h3><table class="result"><tr><th class="invisible"/></tr></table><p class="totop"><a href="#summary">back to summary</a></p>
<h3 id="m17">testcases.SignUpTest#testSignUpExisting</h3><table class="result"><tr class="param"><th>Parameter #1</th><th>Parameter #2</th></tr><tr class="param stripe"><td>testuser_c0070@test.com</td><td>Pass82b9b</td></tr></table><p class="totop"><a href="#summary">back to summary</a></p>
<h3 id="m18">testcases.SignUpTest#testSignUpExisting</h3><table class="result"><tr class="param"><th>Parameter #1</th><th>Parameter #2</th></tr><tr class="param stripe"><td>testuser_d24f3@test.com</td><td>Pass3ea03</td></tr></table><p class="totop"><a href="#summary">back to summary</a></p>
<h3 id="m19">testcases.SignUpTest#testSignUpExisting</h3><table class="result"><tr class="param"><th>Parameter #1</th><th>Parameter #2</th></tr><tr class="param stripe"><td>testuser_8ad77@test.com</td><td>Pass47cf7</td></tr></table><p class="totop"><a href="#summary">back to summary</a></p>
<h3 id="m20">testcases.SignUpTest#testSignUpExisting</h3><table class="result"><tr class="param"><th>Parameter #1</th><th>Parameter #2</th></tr><tr class="param stripe"><td>testuser_03ab0@test.com</td><td>Pass98f25</td></tr></table><p class="totop"><a href="#summary">back to summary</a></p>
<h3 id="m21">testcases.SignUpTest#testSignUpExisting</h3><table class="result"><tr class="param"><th>Parameter #1</th><th>Parameter #2</th></tr><tr class="param stripe"><td>testuser_cc34c@test.com</td><td>Pass634a2</td></tr></table><p class="totop"><a href="#summary">back to summary</a></p>
<h3 id="m22">testcases.SignUpTest#testSignUpExisting</h3><table class="result"><tr class="param"><th>Parameter #1</th><th>Parameter #2</th></tr><tr class="param stripe"><td>testuser_6d7bc@test.com</td><td>Passfe536</td></tr></table><p class="totop"><a href="#summary">back to summary</a></p>
<h3 id="m23">testcases.SignUpTest#testSignUpExisting</h3><table class="result"><tr class="param"><th>Parameter #1</th><th>Parameter #2</th></tr><tr class="param stripe"><td>testuser_045b6@test.com</td><td>Pass95a50</td></tr></table><p class="totop"><a href="#summary">back to summary</a></p>
<h3 id="m24">testcases.SignUpTest#testSignUpExisting</h3><table class="result"><tr class="param"><th>Parameter #1</th><th>Parameter #2</th></tr><tr class="param stripe"><td>testuser_785ea@test.com</td><td>Passb57d1</td></tr></table><p class="totop"><a href="#summary">back to summary</a></p>
<h3 id="m25">testcases.SignUpTest#testSignUpUnique</h3><table class="result"><tr><th class="invisible"/></tr></table><p class="totop"><a href="#summary">back to summary</a></p>
</body>
</html>
