<?xml version="1.0" encoding="UTF-8"?>
<!-- Generated by org.testng.reporters.JUnitReportReporter -->
<testsuite hostname="NMS-Karthick" failures="0" tests="3" name="testcases.NavigationTest" time="152.265" errors="0" timestamp="2026-01-29T12:13:42 IST" skipped="0">
  <testcase classname="testcases.NavigationTest" name="testBrowseCategories" time="34.399"/>
  <testcase classname="testcases.NavigationTest" name="testViewProductDetails" time="91.808"/>
  <testcase classname="testcases.NavigationTest" name="testHomeNavigation" time="26.058"/>
</testsuite> <!-- testcases.NavigationTest -->
