<?xml version="1.0" encoding="UTF-8"?>
<!-- Generated by org.testng.reporters.JUnitReportReporter -->
<testsuite hostname="NMS-Karthick" failures="0" tests="3" name="testcases.NavigationTest" time="49.898" errors="0" timestamp="2026-01-28T16:54:41 IST" skipped="0">
  <testcase classname="testcases.NavigationTest" name="testBrowseCategories" time="28.963"/>
  <testcase classname="testcases.NavigationTest" name="testViewProductDetails" time="11.219"/>
  <testcase classname="testcases.NavigationTest" name="testHomeNavigation" time="9.716"/>
</testsuite> <!-- testcases.NavigationTest -->
