<?xml version="1.0" encoding="UTF-8"?>
<!-- Generated by org.testng.reporters.JUnitReportReporter -->
<testsuite hostname="NMS-Karthick" failures="0" tests="10" name="testcases.SignUpTest" time="199.391" errors="0" timestamp="2026-01-29T12:13:42 IST" skipped="0">
  <testcase classname="testcases.SignUpTest" name="testSignUpUnique" time="21.161"/>
  <testcase classname="testcases.SignUpTest" name="testSignUpExisting" time="20.734"/>
  <testcase classname="testcases.SignUpTest" name="testSignUpExisting" time="20.588"/>
  <testcase classname="testcases.SignUpTest" name="testSignUpExisting" time="18.680"/>
  <testcase classname="testcases.SignUpTest" name="testSignUpExisting" time="19.103"/>
  <testcase classname="testcases.SignUpTest" name="testSignUpExisting" time="20.207"/>
  <testcase classname="testcases.SignUpTest" name="testSignUpExisting" time="18.333"/>
  <testcase classname="testcases.SignUpTest" name="testSignUpExisting" time="28.531"/>
  <testcase classname="testcases.SignUpTest" name="testSignUpExisting" time="20.444"/>
  <testcase classname="testcases.SignUpTest" name="testSignUpEmpty" time="11.610"/>
</testsuite> <!-- testcases.SignUpTest -->
