<?xml version="1.0" encoding="UTF-8"?>
<!-- Generated by org.testng.reporters.JUnitReportReporter -->
<testsuite hostname="NMS-Karthick" failures="0" tests="9" name="testcases.SignUpTest" time="211.507" errors="1" timestamp="2026-01-28T16:54:41 IST" skipped="0">
  <testcase classname="testcases.SignUpTest" name="testSignUpUnique" time="18.428">
    <error message="Error writing to Excel: D:\eclipse-workspace\P3-WebShop\src\test\resources\TestData.xlsx (The process cannot access the file because it is being used by another process)" type="java.lang.RuntimeException">
      <![CDATA[java.lang.RuntimeException: Error writing to Excel: D:\eclipse-workspace\P3-WebShop\src\test\resources\TestData.xlsx (The process cannot access the file because it is being used by another process)
at utility.UtilityClass.writeToExcel(UtilityClass.java:144)
at testcases.SignUpTest.testSignUpUnique(SignUpTest.java:35)
at java.base/jdk.internal.reflect.DirectMethodHandleAccessor.invoke(DirectMethodHandleAccessor.java:103)
at java.base/java.lang.reflect.Method.invoke(Method.java:580)
at org.testng.internal.invokers.MethodInvocationHelper.invokeMethod(MethodInvocationHelper.java:141)
at org.testng.internal.invokers.TestInvoker.invokeMethod(TestInvoker.java:687)
at org.testng.internal.invokers.TestInvoker.invokeTestMethod(TestInvoker.java:230)
at org.testng.internal.invokers.MethodRunner.runInSequence(MethodRunner.java:63)
at org.testng.internal.invokers.TestInvoker$MethodInvocationAgent.invoke(TestInvoker.java:995)
at org.testng.internal.invokers.TestInvoker.invokeTestMethods(TestInvoker.java:203)
at org.testng.internal.invokers.TestMethodWorker.invokeTestMethods(TestMethodWorker.java:154)
at org.testng.internal.invokers.TestMethodWorker.run(TestMethodWorker.java:134)
at java.base/java.util.ArrayList.forEach(ArrayList.java:1596)
at org.testng.TestRunner.privateRun(TestRunner.java:741)
at org.testng.TestRunner.run(TestRunner.java:616)
at org.testng.SuiteRunner.runTest(SuiteRunner.java:421)
at org.testng.SuiteRunner$SuiteWorker.run(SuiteRunner.java:463)
at org.testng.internal.thread.ThreadUtil.lambda$execute$0(ThreadUtil.java:64)
at java.base/java.util.concurrent.FutureTask.run(FutureTask.java:317)
at java.base/java.util.concurrent.ThreadPoolExecutor.runWorker(ThreadPoolExecutor.java:1144)
at java.base/java.util.concurrent.ThreadPoolExecutor$Worker.run(ThreadPoolExecutor.java:642)
at java.base/java.lang.Thread.run(Thread.java:1583)
]]>
    </error>
  </testcase> <!-- testSignUpUnique -->
  <testcase classname="testcases.SignUpTest" name="testSignUpExisting" time="110.843"/>
  <testcase classname="testcases.SignUpTest" name="testSignUpExisting" time="12.903"/>
  <testcase classname="testcases.SignUpTest" name="testSignUpExisting" time="12.451"/>
  <testcase classname="testcases.SignUpTest" name="testSignUpExisting" time="11.283"/>
  <testcase classname="testcases.SignUpTest" name="testSignUpExisting" time="11.764"/>
  <testcase classname="testcases.SignUpTest" name="testSignUpExisting" time="11.646"/>
  <testcase classname="testcases.SignUpTest" name="testSignUpExisting" time="12.385"/>
  <testcase classname="testcases.SignUpTest" name="testSignUpEmpty" time="9.804"/>
</testsuite> <!-- testcases.SignUpTest -->
